2021-10-04 13:49:26,451 - INFO - root - Hello! This is Joey-NMT (version 1.3).
2021-10-04 13:49:26,512 - INFO - joeynmt.data - Loading training data...
2021-10-04 13:49:26,618 - INFO - joeynmt.data - Building vocabulary...
2021-10-04 13:49:27,067 - INFO - joeynmt.data - Loading dev data...
2021-10-04 13:49:27,080 - INFO - joeynmt.data - Loading test data...
2021-10-04 13:49:27,091 - INFO - joeynmt.data - Data loaded.
2021-10-04 13:49:27,092 - INFO - joeynmt.model - Building an encoder-decoder model...
2021-10-04 13:49:27,933 - INFO - joeynmt.model - Enc-dec model built.
2021-10-04 13:49:27,948 - INFO - joeynmt.training - Total params: 33662976
2021-10-04 13:49:32,192 - INFO - joeynmt.training - Loading model from ../checkpoints/TRANS_th.ckpt
Traceback (most recent call last):
  File "/sw/arch/Debian10/EB_production/2019/software/Anaconda3/2018.12/lib/python3.7/runpy.py", line 193, in _run_module_as_main
    "__main__", mod_spec)
  File "/sw/arch/Debian10/EB_production/2019/software/Anaconda3/2018.12/lib/python3.7/runpy.py", line 85, in _run_code
    exec(code, run_globals)
  File "/home/lcur0006/joeynmt/joeynmt/__main__.py", line 48, in <module>
    main()
  File "/home/lcur0006/joeynmt/joeynmt/__main__.py", line 35, in main
    train(cfg_file=args.config_path, skip_test=args.skip_test)
  File "/home/lcur0006/joeynmt/joeynmt/training.py", line 823, in train
    trainer = TrainManager(model=model, config=cfg)
  File "/home/lcur0006/joeynmt/joeynmt/training.py", line 218, in __init__
    reset_iter_state=train_config.get("reset_iter_state", False))
  File "/home/lcur0006/joeynmt/joeynmt/training.py", line 330, in init_from_checkpoint
    self.model.load_state_dict(model_checkpoint["model_state"])
  File "/home/lcur0006/.local/lib/python3.7/site-packages/torch/nn/modules/module.py", line 1407, in load_state_dict
    self.__class__.__name__, "\n\t".join(error_msgs)))
RuntimeError: Error(s) in loading state_dict for Model:
	size mismatch for decoder.output_layer.weight: copying a param with shape torch.Size([4136, 1024]) from checkpoint, the shape in current model is torch.Size([4136, 512]).
srun: error: r30n6: task 0: Exited with exit code 1
