2021-10-05 18:59:08,551 - INFO - root - Hello! This is Joey-NMT (version 1.3).
2021-10-05 18:59:08,607 - INFO - joeynmt.data - Loading training data...
2021-10-05 18:59:13,725 - INFO - joeynmt.data - Building vocabulary...
2021-10-05 18:59:14,203 - INFO - joeynmt.data - Loading dev data...
2021-10-05 18:59:14,353 - INFO - joeynmt.data - Loading test data...
2021-10-05 18:59:14,446 - INFO - joeynmt.data - Data loaded.
2021-10-05 18:59:14,447 - INFO - joeynmt.model - Building an encoder-decoder model...
2021-10-05 18:59:15,014 - INFO - joeynmt.model - Enc-dec model built.
2021-10-05 18:59:15,020 - INFO - joeynmt.training - Total params: 24996864
2021-10-05 18:59:19,437 - INFO - joeynmt.training - Loading model from ../checkpoints/LSTM_th_b.ckpt
Traceback (most recent call last):
  File "/sw/arch/Debian10/EB_production/2019/software/Anaconda3/2018.12/lib/python3.7/runpy.py", line 193, in _run_module_as_main
    "__main__", mod_spec)
  File "/sw/arch/Debian10/EB_production/2019/software/Anaconda3/2018.12/lib/python3.7/runpy.py", line 85, in _run_code
    exec(code, run_globals)
  File "/home/lcur0006/joeynmt/joeynmt/__main__.py", line 48, in <module>
    main()
  File "/home/lcur0006/joeynmt/joeynmt/__main__.py", line 35, in main
    train(cfg_file=args.config_path, skip_test=args.skip_test)
  File "/home/lcur0006/joeynmt/joeynmt/training.py", line 823, in train
    trainer = TrainManager(model=model, config=cfg)
  File "/home/lcur0006/joeynmt/joeynmt/training.py", line 218, in __init__
    reset_iter_state=train_config.get("reset_iter_state", False))
  File "/home/lcur0006/joeynmt/joeynmt/training.py", line 327, in init_from_checkpoint
    model_checkpoint = load_checkpoint(path=path, use_cuda=self.use_cuda)
  File "/home/lcur0006/joeynmt/joeynmt/helpers.py", line 284, in load_checkpoint
    assert os.path.isfile(path), "Checkpoint %s not found" % path
AssertionError: Checkpoint ../checkpoints/LSTM_th_b.ckpt not found
srun: error: r31n2: task 0: Exited with exit code 1
