2021-10-01 13:21:50,801 - INFO - root - Hello! This is Joey-NMT (version 1.3).
2021-10-01 13:21:50,867 - INFO - joeynmt.data - Loading training data...
2021-10-01 13:21:51,069 - INFO - joeynmt.data - Building vocabulary...
2021-10-01 13:21:53,412 - INFO - joeynmt.data - Loading dev data...
2021-10-01 13:21:53,433 - INFO - joeynmt.data - Loading test data...
2021-10-01 13:21:53,456 - INFO - joeynmt.data - Data loaded.
2021-10-01 13:21:53,456 - INFO - joeynmt.model - Building an encoder-decoder model...
2021-10-01 13:21:54,527 - INFO - joeynmt.model - Enc-dec model built.
2021-10-01 13:21:54,537 - INFO - joeynmt.training - Total params: 47612900
2021-10-01 13:21:54,544 - INFO - joeynmt.helpers - cfg.name                           : tr_en_model_new
2021-10-01 13:21:54,544 - INFO - joeynmt.helpers - cfg.data.src                       : tr
2021-10-01 13:21:54,544 - INFO - joeynmt.helpers - cfg.data.trg                       : en
2021-10-01 13:21:54,544 - INFO - joeynmt.helpers - cfg.data.train                     : ../2DL4NLP/all_data/train
2021-10-01 13:21:54,544 - INFO - joeynmt.helpers - cfg.data.dev                       : ../2DL4NLP/all_data/val
2021-10-01 13:21:54,545 - INFO - joeynmt.helpers - cfg.data.test                      : ../2DL4NLP/all_data/test
2021-10-01 13:21:54,545 - INFO - joeynmt.helpers - cfg.data.level                     : bpe
2021-10-01 13:21:54,545 - INFO - joeynmt.helpers - cfg.data.lowercase                 : True
2021-10-01 13:21:54,545 - INFO - joeynmt.helpers - cfg.data.max_sent_length           : 50
2021-10-01 13:21:54,545 - INFO - joeynmt.helpers - cfg.data.src_voc_min_freq          : 0
2021-10-01 13:21:54,545 - INFO - joeynmt.helpers - cfg.data.src_voc_limit             : 10000
2021-10-01 13:21:54,545 - INFO - joeynmt.helpers - cfg.data.trg_voc_min_freq          : 0
2021-10-01 13:21:54,545 - INFO - joeynmt.helpers - cfg.data.trg_voc_limit             : 10000
2021-10-01 13:21:54,545 - INFO - joeynmt.helpers - cfg.testing.beam_size              : 5
2021-10-01 13:21:54,545 - INFO - joeynmt.helpers - cfg.testing.alpha                  : 1.0
2021-10-01 13:21:54,545 - INFO - joeynmt.helpers - cfg.training.random_seed           : 42
2021-10-01 13:21:54,546 - INFO - joeynmt.helpers - cfg.training.optimizer             : sgd
2021-10-01 13:21:54,546 - INFO - joeynmt.helpers - cfg.training.learning_rate         : 0.5
2021-10-01 13:21:54,546 - INFO - joeynmt.helpers - cfg.training.learning_rate_min     : 0.0002
2021-10-01 13:21:54,546 - INFO - joeynmt.helpers - cfg.training.weight_decay          : 0.0
2021-10-01 13:21:54,546 - INFO - joeynmt.helpers - cfg.training.clip_grad_norm        : 5.0
2021-10-01 13:21:54,546 - INFO - joeynmt.helpers - cfg.training.batch_size            : 80
2021-10-01 13:21:54,546 - INFO - joeynmt.helpers - cfg.training.batch_type            : sentence
2021-10-01 13:21:54,546 - INFO - joeynmt.helpers - cfg.training.scheduling            : plateau
2021-10-01 13:21:54,546 - INFO - joeynmt.helpers - cfg.training.patience              : 1
2021-10-01 13:21:54,546 - INFO - joeynmt.helpers - cfg.training.decrease_factor       : 0.9
2021-10-01 13:21:54,546 - INFO - joeynmt.helpers - cfg.training.early_stopping_metric : eval_metric
2021-10-01 13:21:54,546 - INFO - joeynmt.helpers - cfg.training.epochs                : 1
2021-10-01 13:21:54,547 - INFO - joeynmt.helpers - cfg.training.validation_freq       : 1000
2021-10-01 13:21:54,547 - INFO - joeynmt.helpers - cfg.training.logging_freq          : 100
2021-10-01 13:21:54,547 - INFO - joeynmt.helpers - cfg.training.eval_metric           : bleu
2021-10-01 13:21:54,547 - INFO - joeynmt.helpers - cfg.training.model_dir             : models/tr_en_model_new
2021-10-01 13:21:54,547 - INFO - joeynmt.helpers - cfg.training.overwrite             : False
2021-10-01 13:21:54,547 - INFO - joeynmt.helpers - cfg.training.shuffle               : True
2021-10-01 13:21:54,547 - INFO - joeynmt.helpers - cfg.training.use_cuda              : False
2021-10-01 13:21:54,547 - INFO - joeynmt.helpers - cfg.training.max_output_length     : 30
2021-10-01 13:21:54,547 - INFO - joeynmt.helpers - cfg.training.print_valid_sents     : [0, 3, 6]
2021-10-01 13:21:54,547 - INFO - joeynmt.helpers - cfg.training.keep_best_ckpts       : 2
2021-10-01 13:21:54,547 - INFO - joeynmt.helpers - cfg.model.initializer              : xavier
2021-10-01 13:21:54,547 - INFO - joeynmt.helpers - cfg.model.embed_initializer        : normal
2021-10-01 13:21:54,548 - INFO - joeynmt.helpers - cfg.model.embed_init_weight        : 0.1
2021-10-01 13:21:54,548 - INFO - joeynmt.helpers - cfg.model.bias_initializer         : zeros
2021-10-01 13:21:54,548 - INFO - joeynmt.helpers - cfg.model.init_rnn_orthogonal      : False
2021-10-01 13:21:54,548 - INFO - joeynmt.helpers - cfg.model.lstm_forget_gate         : 0.0
2021-10-01 13:21:54,548 - INFO - joeynmt.helpers - cfg.model.encoder.rnn_type         : lstm
2021-10-01 13:21:54,548 - INFO - joeynmt.helpers - cfg.model.encoder.embeddings.embedding_dim : 620
2021-10-01 13:21:54,548 - INFO - joeynmt.helpers - cfg.model.encoder.embeddings.scale : False
2021-10-01 13:21:54,548 - INFO - joeynmt.helpers - cfg.model.encoder.hidden_size      : 1000
2021-10-01 13:21:54,548 - INFO - joeynmt.helpers - cfg.model.encoder.bidirectional    : True
2021-10-01 13:21:54,548 - INFO - joeynmt.helpers - cfg.model.encoder.dropout          : 0.1
2021-10-01 13:21:54,548 - INFO - joeynmt.helpers - cfg.model.encoder.num_layers       : 1
2021-10-01 13:21:54,548 - INFO - joeynmt.helpers - cfg.model.decoder.rnn_type         : lstm
2021-10-01 13:21:54,549 - INFO - joeynmt.helpers - cfg.model.decoder.embeddings.embedding_dim : 620
2021-10-01 13:21:54,549 - INFO - joeynmt.helpers - cfg.model.decoder.embeddings.scale : False
2021-10-01 13:21:54,549 - INFO - joeynmt.helpers - cfg.model.decoder.hidden_size      : 1000
2021-10-01 13:21:54,549 - INFO - joeynmt.helpers - cfg.model.decoder.dropout          : 0.1
2021-10-01 13:21:54,549 - INFO - joeynmt.helpers - cfg.model.decoder.hidden_dropout   : 0.1
2021-10-01 13:21:54,549 - INFO - joeynmt.helpers - cfg.model.decoder.num_layers       : 1
2021-10-01 13:21:54,549 - INFO - joeynmt.helpers - cfg.model.decoder.input_feeding    : True
2021-10-01 13:21:54,549 - INFO - joeynmt.helpers - cfg.model.decoder.init_hidden      : zero
2021-10-01 13:21:54,549 - INFO - joeynmt.helpers - cfg.model.decoder.attention        : luong
2021-10-01 13:21:54,549 - INFO - joeynmt.helpers - Data set sizes: 
	train 5566,
	valid 551,
	test 602
2021-10-01 13:21:54,549 - INFO - joeynmt.helpers - First training example:
	[SRC] tr
	[TRG] en
2021-10-01 13:21:54,550 - INFO - joeynmt.helpers - First 10 words (src): (0) <unk> (1) <pad> (2) <s> (3) </s> (4) , (5) . (6) bir (7) ." (8) ve (9) bu
2021-10-01 13:21:54,550 - INFO - joeynmt.helpers - First 10 words (trg): (0) <unk> (1) <pad> (2) <s> (3) </s> (4) , (5) the (6) . (7) ." (8) of (9) to
2021-10-01 13:21:54,550 - INFO - joeynmt.helpers - Number of Src words (types): 10004
2021-10-01 13:21:54,551 - INFO - joeynmt.helpers - Number of Trg words (types): 7991
2021-10-01 13:21:54,551 - INFO - joeynmt.training - Model(
	encoder=RecurrentEncoder(LSTM(620, 1000, batch_first=True, bidirectional=True)),
	decoder=RecurrentDecoder(rnn=LSTM(1620, 1000, batch_first=True), attention=LuongAttention),
	src_embed=Embeddings(embedding_dim=620, vocab_size=10004),
	trg_embed=Embeddings(embedding_dim=620, vocab_size=7991))
2021-10-01 13:21:54,574 - INFO - joeynmt.training - Train stats:
	device: cpu
	n_gpu: 0
	16-bits training: False
	gradient accumulation: 1
	batch size per device: 80
	total batch size (w. parallel & accumulation): 80
2021-10-01 13:21:54,574 - INFO - joeynmt.training - EPOCH 1
2021-10-01 13:33:37,234 - INFO - joeynmt.training - Epoch   1: total training loss 9739.09
2021-10-01 13:33:37,235 - INFO - joeynmt.training - Training ended after   1 epochs.
2021-10-01 13:33:37,235 - INFO - joeynmt.training - Best validation result (greedy) at step        0:   -inf eval_metric.
2021-10-01 13:33:37,262 - INFO - joeynmt.prediction - Process device: cpu, n_gpu: 0, batch_size per device: 80
2021-10-01 13:33:37,262 - INFO - joeynmt.prediction - Loading model from models/tr_en_model_new/0.ckpt
Traceback (most recent call last):
  File "/sw/arch/Debian10/EB_production/2019/software/Anaconda3/2018.12/lib/python3.7/runpy.py", line 193, in _run_module_as_main
    "__main__", mod_spec)
  File "/sw/arch/Debian10/EB_production/2019/software/Anaconda3/2018.12/lib/python3.7/runpy.py", line 85, in _run_code
    exec(code, run_globals)
  File "/home/lcur0008/joeynmt/joeynmt/__main__.py", line 48, in <module>
    main()
  File "/home/lcur0008/joeynmt/joeynmt/__main__.py", line 35, in main
    train(cfg_file=args.config_path, skip_test=args.skip_test)
  File "/home/lcur0008/joeynmt/joeynmt/training.py", line 863, in train
    datasets=datasets_to_test)
  File "/home/lcur0008/joeynmt/joeynmt/prediction.py", line 321, in test
    model_checkpoint = load_checkpoint(ckpt, use_cuda=use_cuda)
  File "/home/lcur0008/joeynmt/joeynmt/helpers.py", line 284, in load_checkpoint
    assert os.path.isfile(path), "Checkpoint %s not found" % path
AssertionError: Checkpoint models/tr_en_model_new/0.ckpt not found
srun: error: r30n1: task 0: Exited with exit code 1
