2021-10-03 13:55:12,350 - INFO - root - Hello! This is Joey-NMT (version 1.3).
2021-10-03 13:55:12,419 - INFO - joeynmt.data - Loading training data...
2021-10-03 13:55:12,514 - INFO - joeynmt.data - Building vocabulary...
2021-10-03 13:55:12,940 - INFO - joeynmt.data - Loading dev data...
2021-10-03 13:55:12,952 - INFO - joeynmt.data - Loading test data...
2021-10-03 13:55:12,962 - INFO - joeynmt.data - Data loaded.
2021-10-03 13:55:12,962 - INFO - joeynmt.model - Building an encoder-decoder model...
2021-10-03 13:55:13,808 - INFO - joeynmt.model - Enc-dec model built.
2021-10-03 13:55:13,819 - INFO - joeynmt.training - Total params: 33644544
2021-10-03 13:55:17,739 - INFO - joeynmt.helpers - cfg.name                           : TRANS_ka_r
2021-10-03 13:55:17,740 - INFO - joeynmt.helpers - cfg.data.src                       : ka_r
2021-10-03 13:55:17,740 - INFO - joeynmt.helpers - cfg.data.trg                       : en_s
2021-10-03 13:55:17,740 - INFO - joeynmt.helpers - cfg.data.train                     : ../2DL4NLP/all_data/ka_r.en_s/train.bpe
2021-10-03 13:55:17,740 - INFO - joeynmt.helpers - cfg.data.dev                       : ../2DL4NLP/all_data/ka_r.en_s/val.bpe
2021-10-03 13:55:17,741 - INFO - joeynmt.helpers - cfg.data.test                      : ../2DL4NLP/all_data/ka_r.en_s/test.bpe
2021-10-03 13:55:17,741 - INFO - joeynmt.helpers - cfg.data.level                     : bpe
2021-10-03 13:55:17,741 - INFO - joeynmt.helpers - cfg.data.lowercase                 : False
2021-10-03 13:55:17,741 - INFO - joeynmt.helpers - cfg.data.max_sent_length           : 50
2021-10-03 13:55:17,741 - INFO - joeynmt.helpers - cfg.data.src_voc_min_freq          : 0
2021-10-03 13:55:17,741 - INFO - joeynmt.helpers - cfg.data.src_voc_limit             : 10000
2021-10-03 13:55:17,741 - INFO - joeynmt.helpers - cfg.data.trg_voc_min_freq          : 0
2021-10-03 13:55:17,741 - INFO - joeynmt.helpers - cfg.data.trg_voc_limit             : 10000
2021-10-03 13:55:17,741 - INFO - joeynmt.helpers - cfg.data.src_vocab                 : ../2DL4NLP/all_data/ka_r.en_s/ka_r.en_s.vocab.txt
2021-10-03 13:55:17,741 - INFO - joeynmt.helpers - cfg.data.trg_vocab                 : ../2DL4NLP/all_data/ka_r.en_s/ka_r.en_s.vocab.txt
2021-10-03 13:55:17,741 - INFO - joeynmt.helpers - cfg.testing.beam_size              : 5
2021-10-03 13:55:17,741 - INFO - joeynmt.helpers - cfg.testing.alpha                  : 1.0
2021-10-03 13:55:17,741 - INFO - joeynmt.helpers - cfg.training.random_seed           : 42
2021-10-03 13:55:17,741 - INFO - joeynmt.helpers - cfg.training.optimizer             : adam
2021-10-03 13:55:17,741 - INFO - joeynmt.helpers - cfg.training.weight_decay          : 0.0
2021-10-03 13:55:17,741 - INFO - joeynmt.helpers - cfg.training.batch_size            : 80
2021-10-03 13:55:17,742 - INFO - joeynmt.helpers - cfg.training.scheduling            : plateau
2021-10-03 13:55:17,742 - INFO - joeynmt.helpers - cfg.training.patience              : 1
2021-10-03 13:55:17,742 - INFO - joeynmt.helpers - cfg.training.early_stopping_metric : eval_metric
2021-10-03 13:55:17,742 - INFO - joeynmt.helpers - cfg.training.epochs                : 100
2021-10-03 13:55:17,742 - INFO - joeynmt.helpers - cfg.training.validation_freq       : 1000
2021-10-03 13:55:17,742 - INFO - joeynmt.helpers - cfg.training.logging_freq          : 1000
2021-10-03 13:55:17,742 - INFO - joeynmt.helpers - cfg.training.eval_metric           : bleu
2021-10-03 13:55:17,742 - INFO - joeynmt.helpers - cfg.training.model_dir             : models/TRANS_ka_r
2021-10-03 13:55:17,742 - INFO - joeynmt.helpers - cfg.training.overwrite             : True
2021-10-03 13:55:17,742 - INFO - joeynmt.helpers - cfg.training.shuffle               : True
2021-10-03 13:55:17,742 - INFO - joeynmt.helpers - cfg.training.use_cuda              : True
2021-10-03 13:55:17,742 - INFO - joeynmt.helpers - cfg.training.max_output_length     : 60
2021-10-03 13:55:17,742 - INFO - joeynmt.helpers - cfg.training.print_valid_sents     : [0, 1, 2]
2021-10-03 13:55:17,742 - INFO - joeynmt.helpers - cfg.training.keep_best_ckpts       : 1
2021-10-03 13:55:17,742 - INFO - joeynmt.helpers - cfg.training.save_latest_ckpt      : True
2021-10-03 13:55:17,742 - INFO - joeynmt.helpers - cfg.model.initializer              : xavier
2021-10-03 13:55:17,743 - INFO - joeynmt.helpers - cfg.model.bias_initializer         : zeros
2021-10-03 13:55:17,743 - INFO - joeynmt.helpers - cfg.model.init_gain                : 1.0
2021-10-03 13:55:17,743 - INFO - joeynmt.helpers - cfg.model.embed_initializer        : xavier
2021-10-03 13:55:17,743 - INFO - joeynmt.helpers - cfg.model.embed_init_gain          : 1.0
2021-10-03 13:55:17,743 - INFO - joeynmt.helpers - cfg.model.tied_embeddings          : True
2021-10-03 13:55:17,743 - INFO - joeynmt.helpers - cfg.model.tied_softmax             : True
2021-10-03 13:55:17,743 - INFO - joeynmt.helpers - cfg.model.encoder.type             : transformer
2021-10-03 13:55:17,743 - INFO - joeynmt.helpers - cfg.model.encoder.num_layers       : 6
2021-10-03 13:55:17,743 - INFO - joeynmt.helpers - cfg.model.encoder.num_heads        : 4
2021-10-03 13:55:17,743 - INFO - joeynmt.helpers - cfg.model.encoder.embeddings.embedding_dim : 512
2021-10-03 13:55:17,743 - INFO - joeynmt.helpers - cfg.model.encoder.embeddings.scale : True
2021-10-03 13:55:17,743 - INFO - joeynmt.helpers - cfg.model.encoder.embeddings.dropout : 0.2
2021-10-03 13:55:17,743 - INFO - joeynmt.helpers - cfg.model.encoder.hidden_size      : 512
2021-10-03 13:55:17,743 - INFO - joeynmt.helpers - cfg.model.encoder.ff_size          : 1024
2021-10-03 13:55:17,743 - INFO - joeynmt.helpers - cfg.model.encoder.dropout          : 0.3
2021-10-03 13:55:17,743 - INFO - joeynmt.helpers - cfg.model.decoder.type             : transformer
2021-10-03 13:55:17,743 - INFO - joeynmt.helpers - cfg.model.decoder.num_layers       : 6
2021-10-03 13:55:17,744 - INFO - joeynmt.helpers - cfg.model.decoder.num_heads        : 4
2021-10-03 13:55:17,744 - INFO - joeynmt.helpers - cfg.model.decoder.embeddings.embedding_dim : 512
2021-10-03 13:55:17,744 - INFO - joeynmt.helpers - cfg.model.decoder.embeddings.scale : True
2021-10-03 13:55:17,744 - INFO - joeynmt.helpers - cfg.model.decoder.embeddings.dropout : 0.2
2021-10-03 13:55:17,744 - INFO - joeynmt.helpers - cfg.model.decoder.hidden_size      : 512
2021-10-03 13:55:17,744 - INFO - joeynmt.helpers - cfg.model.decoder.ff_size          : 1024
2021-10-03 13:55:17,744 - INFO - joeynmt.helpers - cfg.model.decoder.dropout          : 0.3
2021-10-03 13:55:17,744 - INFO - joeynmt.helpers - Data set sizes: 
	train 5158,
	valid 551,
	test 602
2021-10-03 13:55:17,744 - INFO - joeynmt.helpers - First training example:
	[SRC] ka
	[TRG] en
2021-10-03 13:55:17,744 - INFO - joeynmt.helpers - First 10 words (src): (0) <unk> (1) <pad> (2) <s> (3) </s> (4) , (5) . (6) ." (7) the (8) is (9) a
2021-10-03 13:55:17,744 - INFO - joeynmt.helpers - First 10 words (trg): (0) <unk> (1) <pad> (2) <s> (3) </s> (4) , (5) . (6) ." (7) the (8) is (9) a
2021-10-03 13:55:17,744 - INFO - joeynmt.helpers - Number of Src words (types): 4100
2021-10-03 13:55:17,745 - INFO - joeynmt.helpers - Number of Trg words (types): 4100
2021-10-03 13:55:17,745 - INFO - joeynmt.training - Model(
	encoder=TransformerEncoder(num_layers=6, num_heads=4),
	decoder=TransformerDecoder(num_layers=6, num_heads=4),
	src_embed=Embeddings(embedding_dim=512, vocab_size=4100),
	trg_embed=Embeddings(embedding_dim=512, vocab_size=4100))
2021-10-03 13:55:17,755 - INFO - joeynmt.training - Train stats:
	device: cuda
	n_gpu: 1
	16-bits training: False
	gradient accumulation: 1
	batch size per device: 80
	total batch size (w. parallel & accumulation): 80
2021-10-03 13:55:17,755 - INFO - joeynmt.training - EPOCH 1
2021-10-03 13:55:29,887 - INFO - joeynmt.training - Epoch   1: total training loss 9115.68
2021-10-03 13:55:29,887 - INFO - joeynmt.training - EPOCH 2
2021-10-03 13:55:41,983 - INFO - joeynmt.training - Epoch   2: total training loss 8420.88
2021-10-03 13:55:41,984 - INFO - joeynmt.training - EPOCH 3
2021-10-03 13:55:54,064 - INFO - joeynmt.training - Epoch   3: total training loss 8092.29
2021-10-03 13:55:54,065 - INFO - joeynmt.training - EPOCH 4
2021-10-03 13:56:06,167 - INFO - joeynmt.training - Epoch   4: total training loss 7857.43
2021-10-03 13:56:06,168 - INFO - joeynmt.training - EPOCH 5
2021-10-03 13:56:18,263 - INFO - joeynmt.training - Epoch   5: total training loss 7497.47
2021-10-03 13:56:18,263 - INFO - joeynmt.training - EPOCH 6
2021-10-03 13:56:30,458 - INFO - joeynmt.training - Epoch   6: total training loss 7184.64
2021-10-03 13:56:30,458 - INFO - joeynmt.training - EPOCH 7
2021-10-03 13:56:42,549 - INFO - joeynmt.training - Epoch   7: total training loss 6953.11
2021-10-03 13:56:42,549 - INFO - joeynmt.training - EPOCH 8
2021-10-03 13:56:54,737 - INFO - joeynmt.training - Epoch   8: total training loss 6754.29
2021-10-03 13:56:54,738 - INFO - joeynmt.training - EPOCH 9
2021-10-03 13:57:06,856 - INFO - joeynmt.training - Epoch   9: total training loss 6590.57
2021-10-03 13:57:06,857 - INFO - joeynmt.training - EPOCH 10
2021-10-03 13:57:19,062 - INFO - joeynmt.training - Epoch  10: total training loss 6424.68
2021-10-03 13:57:19,062 - INFO - joeynmt.training - EPOCH 11
2021-10-03 13:57:31,151 - INFO - joeynmt.training - Epoch  11: total training loss 6276.19
2021-10-03 13:57:31,152 - INFO - joeynmt.training - EPOCH 12
2021-10-03 13:57:43,324 - INFO - joeynmt.training - Epoch  12: total training loss 6131.95
2021-10-03 13:57:43,324 - INFO - joeynmt.training - EPOCH 13
2021-10-03 13:57:55,487 - INFO - joeynmt.training - Epoch  13: total training loss 5975.65
2021-10-03 13:57:55,487 - INFO - joeynmt.training - EPOCH 14
2021-10-03 13:58:07,678 - INFO - joeynmt.training - Epoch  14: total training loss 5813.83
2021-10-03 13:58:07,679 - INFO - joeynmt.training - EPOCH 15
2021-10-03 13:58:19,872 - INFO - joeynmt.training - Epoch  15: total training loss 5676.25
2021-10-03 13:58:19,873 - INFO - joeynmt.training - EPOCH 16
2021-10-03 13:58:24,608 - INFO - joeynmt.training - Epoch  16, Step:     1000, Batch Loss:    84.029869, Tokens per Sec:     8988, Lr: 0.000300
2021-10-03 13:58:36,740 - WARNING - sacrebleu - That's 100 lines that end in a tokenized period ('.')
2021-10-03 13:58:36,740 - WARNING - sacrebleu - It looks like you forgot to detokenize your test data, which may hurt your score.
2021-10-03 13:58:36,740 - WARNING - sacrebleu - If you insist your data is detokenized, or don't care, you can suppress this message with the `force` parameter.
2021-10-03 13:58:36,744 - INFO - joeynmt.training - Hooray! New best validation result [eval_metric]!
2021-10-03 13:58:38,056 - INFO - joeynmt.training - Example #0
2021-10-03 13:58:38,057 - INFO - joeynmt.training - 	Source:     ka
2021-10-03 13:58:38,057 - INFO - joeynmt.training - 	Reference:  en
2021-10-03 13:58:38,057 - INFO - joeynmt.training - 	Hypothesis: 
2021-10-03 13:58:38,057 - INFO - joeynmt.training - Example #1
2021-10-03 13:58:38,058 - INFO - joeynmt.training - 	Source:     "rodesac 11 tslis viyavi , me makhsovs sikharulis noTaze gaghvidzeba ert dilas ."
2021-10-03 13:58:38,058 - INFO - joeynmt.training - 	Reference:  "When I was 11 , I remember waking up one morning to the sound of joy in my house ."
2021-10-03 13:58:38,058 - INFO - joeynmt.training - 	Hypothesis: "When I was a couple of the first , I was a very different of the first of the first of the world ."
2021-10-03 13:58:38,058 - INFO - joeynmt.training - Example #2
2021-10-03 13:58:38,058 - INFO - joeynmt.training - 	Source:     mamachemi usmenda &quot; &quot; bibisis &quot; &quot; siakhleebs tavis paTara nacrisfer radioshi .
2021-10-03 13:58:38,058 - INFO - joeynmt.training - 	Reference:  "My father was listening to BBC News on his small , gray radio ."
2021-10-03 13:58:38,059 - INFO - joeynmt.training - 	Hypothesis: "I was a very very very very very very very very very very very very very very very very very very very very very very very very very very very very very very very very very very very very very very very very very very very very very very very very very very very very very very very very very
2021-10-03 13:58:38,059 - INFO - joeynmt.training - Validation result (greedy) at epoch  16, step     1000: bleu:   5.78, loss: 72294.1016, ppl: 117.6597, duration: 13.4501s
2021-10-03 13:58:45,515 - INFO - joeynmt.training - Epoch  16: total training loss 5512.60
2021-10-03 13:58:45,515 - INFO - joeynmt.training - EPOCH 17
2021-10-03 13:58:57,760 - INFO - joeynmt.training - Epoch  17: total training loss 5373.96
2021-10-03 13:58:57,761 - INFO - joeynmt.training - EPOCH 18
2021-10-03 13:59:10,077 - INFO - joeynmt.training - Epoch  18: total training loss 5208.74
2021-10-03 13:59:10,078 - INFO - joeynmt.training - EPOCH 19
2021-10-03 13:59:22,332 - INFO - joeynmt.training - Epoch  19: total training loss 5052.10
2021-10-03 13:59:22,332 - INFO - joeynmt.training - EPOCH 20
2021-10-03 13:59:34,567 - INFO - joeynmt.training - Epoch  20: total training loss 4906.21
2021-10-03 13:59:34,567 - INFO - joeynmt.training - EPOCH 21
2021-10-03 13:59:46,780 - INFO - joeynmt.training - Epoch  21: total training loss 4773.08
2021-10-03 13:59:46,780 - INFO - joeynmt.training - EPOCH 22
2021-10-03 13:59:58,928 - INFO - joeynmt.training - Epoch  22: total training loss 4613.78
2021-10-03 13:59:58,928 - INFO - joeynmt.training - EPOCH 23
2021-10-03 14:00:11,215 - INFO - joeynmt.training - Epoch  23: total training loss 4487.51
2021-10-03 14:00:11,216 - INFO - joeynmt.training - EPOCH 24
2021-10-03 14:00:23,432 - INFO - joeynmt.training - Epoch  24: total training loss 4352.36
2021-10-03 14:00:23,432 - INFO - joeynmt.training - EPOCH 25
2021-10-03 14:00:35,679 - INFO - joeynmt.training - Epoch  25: total training loss 4228.20
2021-10-03 14:00:35,679 - INFO - joeynmt.training - EPOCH 26
2021-10-03 14:00:47,899 - INFO - joeynmt.training - Epoch  26: total training loss 4109.04
2021-10-03 14:00:47,900 - INFO - joeynmt.training - EPOCH 27
2021-10-03 14:01:00,189 - INFO - joeynmt.training - Epoch  27: total training loss 3999.43
2021-10-03 14:01:00,190 - INFO - joeynmt.training - EPOCH 28
2021-10-03 14:01:12,466 - INFO - joeynmt.training - Epoch  28: total training loss 3874.06
2021-10-03 14:01:12,467 - INFO - joeynmt.training - EPOCH 29
2021-10-03 14:01:24,794 - INFO - joeynmt.training - Epoch  29: total training loss 3766.31
2021-10-03 14:01:24,795 - INFO - joeynmt.training - EPOCH 30
2021-10-03 14:01:37,179 - INFO - joeynmt.training - Epoch  30: total training loss 3647.87
2021-10-03 14:01:37,179 - INFO - joeynmt.training - EPOCH 31
2021-10-03 14:01:46,805 - INFO - joeynmt.training - Epoch  31, Step:     2000, Batch Loss:    53.760731, Tokens per Sec:     8887, Lr: 0.000300
2021-10-03 14:01:57,138 - WARNING - sacrebleu - That's 100 lines that end in a tokenized period ('.')
2021-10-03 14:01:57,139 - WARNING - sacrebleu - It looks like you forgot to detokenize your test data, which may hurt your score.
2021-10-03 14:01:57,139 - WARNING - sacrebleu - If you insist your data is detokenized, or don't care, you can suppress this message with the `force` parameter.
2021-10-03 14:01:57,144 - INFO - joeynmt.training - Hooray! New best validation result [eval_metric]!
2021-10-03 14:01:58,388 - INFO - joeynmt.helpers - delete models/TRANS_ka_r/1000.ckpt
2021-10-03 14:01:58,485 - INFO - joeynmt.helpers - delete /home/lcur0008/joeynmt/models/TRANS_ka_r/1000.ckpt
2021-10-03 14:01:58,485 - WARNING - joeynmt.helpers - Wanted to delete old checkpoint /home/lcur0008/joeynmt/models/TRANS_ka_r/1000.ckpt but file does not exist. ([Errno 2] No such file or directory: '/home/lcur0008/joeynmt/models/TRANS_ka_r/1000.ckpt')
2021-10-03 14:01:58,487 - INFO - joeynmt.training - Example #0
2021-10-03 14:01:58,488 - INFO - joeynmt.training - 	Source:     ka
2021-10-03 14:01:58,488 - INFO - joeynmt.training - 	Reference:  en
2021-10-03 14:01:58,488 - INFO - joeynmt.training - 	Hypothesis: 
2021-10-03 14:01:58,488 - INFO - joeynmt.training - Example #1
2021-10-03 14:01:58,488 - INFO - joeynmt.training - 	Source:     "rodesac 11 tslis viyavi , me makhsovs sikharulis noTaze gaghvidzeba ert dilas ."
2021-10-03 14:01:58,488 - INFO - joeynmt.training - 	Reference:  "When I was 11 , I remember waking up one morning to the sound of joy in my house ."
2021-10-03 14:01:58,488 - INFO - joeynmt.training - 	Hypothesis: "When I was in the end of the second point of the mind , I was a determine ."
2021-10-03 14:01:58,488 - INFO - joeynmt.training - Example #2
2021-10-03 14:01:58,488 - INFO - joeynmt.training - 	Source:     mamachemi usmenda &quot; &quot; bibisis &quot; &quot; siakhleebs tavis paTara nacrisfer radioshi .
2021-10-03 14:01:58,488 - INFO - joeynmt.training - 	Reference:  "My father was listening to BBC News on his small , gray radio ."
2021-10-03 14:01:58,488 - INFO - joeynmt.training - 	Hypothesis: "I was my mother and &quot; and my doctor &apos;s a very depressed , and I was a little bit of a little bit of a little bit of a little bit ."
2021-10-03 14:01:58,488 - INFO - joeynmt.training - Validation result (greedy) at epoch  31, step     2000: bleu:   8.24, loss: 72313.1328, ppl: 117.8074, duration: 11.6831s
2021-10-03 14:02:01,271 - INFO - joeynmt.training - Epoch  31: total training loss 3545.37
2021-10-03 14:02:01,271 - INFO - joeynmt.training - EPOCH 32
2021-10-03 14:02:13,456 - INFO - joeynmt.training - Epoch  32: total training loss 3434.88
2021-10-03 14:02:13,457 - INFO - joeynmt.training - EPOCH 33
2021-10-03 14:02:25,707 - INFO - joeynmt.training - Epoch  33: total training loss 3328.29
2021-10-03 14:02:25,708 - INFO - joeynmt.training - EPOCH 34
2021-10-03 14:02:37,973 - INFO - joeynmt.training - Epoch  34: total training loss 3218.73
2021-10-03 14:02:37,974 - INFO - joeynmt.training - EPOCH 35
2021-10-03 14:02:50,269 - INFO - joeynmt.training - Epoch  35: total training loss 3122.87
2021-10-03 14:02:50,270 - INFO - joeynmt.training - EPOCH 36
2021-10-03 14:03:02,373 - INFO - joeynmt.training - Epoch  36: total training loss 3016.75
2021-10-03 14:03:02,373 - INFO - joeynmt.training - EPOCH 37
2021-10-03 14:03:14,610 - INFO - joeynmt.training - Epoch  37: total training loss 2917.50
2021-10-03 14:03:14,611 - INFO - joeynmt.training - EPOCH 38
2021-10-03 14:03:26,932 - INFO - joeynmt.training - Epoch  38: total training loss 2842.57
2021-10-03 14:03:26,933 - INFO - joeynmt.training - EPOCH 39
2021-10-03 14:03:39,227 - INFO - joeynmt.training - Epoch  39: total training loss 2740.14
2021-10-03 14:03:39,228 - INFO - joeynmt.training - EPOCH 40
2021-10-03 14:03:51,532 - INFO - joeynmt.training - Epoch  40: total training loss 2648.72
2021-10-03 14:03:51,532 - INFO - joeynmt.training - EPOCH 41
2021-10-03 14:04:03,777 - INFO - joeynmt.training - Epoch  41: total training loss 2565.91
2021-10-03 14:04:03,777 - INFO - joeynmt.training - EPOCH 42
2021-10-03 14:04:16,009 - INFO - joeynmt.training - Epoch  42: total training loss 2471.11
2021-10-03 14:04:16,009 - INFO - joeynmt.training - EPOCH 43
2021-10-03 14:04:28,308 - INFO - joeynmt.training - Epoch  43: total training loss 2389.39
2021-10-03 14:04:28,308 - INFO - joeynmt.training - EPOCH 44
2021-10-03 14:04:40,577 - INFO - joeynmt.training - Epoch  44: total training loss 2311.21
2021-10-03 14:04:40,577 - INFO - joeynmt.training - EPOCH 45
2021-10-03 14:04:52,835 - INFO - joeynmt.training - Epoch  45: total training loss 2233.66
2021-10-03 14:04:52,836 - INFO - joeynmt.training - EPOCH 46
2021-10-03 14:05:05,157 - INFO - joeynmt.training - Epoch  46: total training loss 2147.97
2021-10-03 14:05:05,158 - INFO - joeynmt.training - EPOCH 47
2021-10-03 14:05:07,073 - INFO - joeynmt.training - Epoch  47, Step:     3000, Batch Loss:    31.880136, Tokens per Sec:     9074, Lr: 0.000300
2021-10-03 14:05:16,877 - WARNING - sacrebleu - That's 100 lines that end in a tokenized period ('.')
2021-10-03 14:05:16,878 - WARNING - sacrebleu - It looks like you forgot to detokenize your test data, which may hurt your score.
2021-10-03 14:05:16,878 - WARNING - sacrebleu - If you insist your data is detokenized, or don't care, you can suppress this message with the `force` parameter.
2021-10-03 14:05:16,886 - INFO - joeynmt.training - Example #0
2021-10-03 14:05:16,886 - INFO - joeynmt.training - 	Source:     ka
2021-10-03 14:05:16,886 - INFO - joeynmt.training - 	Reference:  en
2021-10-03 14:05:16,886 - INFO - joeynmt.training - 	Hypothesis: 
2021-10-03 14:05:16,887 - INFO - joeynmt.training - Example #1
2021-10-03 14:05:16,887 - INFO - joeynmt.training - 	Source:     "rodesac 11 tslis viyavi , me makhsovs sikharulis noTaze gaghvidzeba ert dilas ."
2021-10-03 14:05:16,887 - INFO - joeynmt.training - 	Reference:  "When I was 11 , I remember waking up one morning to the sound of joy in my house ."
2021-10-03 14:05:16,887 - INFO - joeynmt.training - 	Hypothesis: "When I was final to me , I was finite through the terrible mines ."
2021-10-03 14:05:16,887 - INFO - joeynmt.training - Example #2
2021-10-03 14:05:16,887 - INFO - joeynmt.training - 	Source:     mamachemi usmenda &quot; &quot; bibisis &quot; &quot; siakhleebs tavis paTara nacrisfer radioshi .
2021-10-03 14:05:16,887 - INFO - joeynmt.training - 	Reference:  "My father was listening to BBC News on his small , gray radio ."
2021-10-03 14:05:16,887 - INFO - joeynmt.training - 	Hypothesis: "And my father is , and a month Saman &quot; &quot; Walk Walk Walk with a little bit of my near graphic ."
2021-10-03 14:05:16,887 - INFO - joeynmt.training - Validation result (greedy) at epoch  47, step     3000: bleu:   8.22, loss: 80848.3750, ppl: 206.8411, duration: 9.8144s
2021-10-03 14:05:27,172 - INFO - joeynmt.training - Epoch  47: total training loss 2070.92
2021-10-03 14:05:27,173 - INFO - joeynmt.training - EPOCH 48
2021-10-03 14:05:39,422 - INFO - joeynmt.training - Epoch  48: total training loss 1987.77
2021-10-03 14:05:39,423 - INFO - joeynmt.training - EPOCH 49
2021-10-03 14:05:51,636 - INFO - joeynmt.training - Epoch  49: total training loss 1930.27
2021-10-03 14:05:51,636 - INFO - joeynmt.training - EPOCH 50
2021-10-03 14:06:03,835 - INFO - joeynmt.training - Epoch  50: total training loss 1859.59
2021-10-03 14:06:03,835 - INFO - joeynmt.training - EPOCH 51
2021-10-03 14:06:15,982 - INFO - joeynmt.training - Epoch  51: total training loss 1783.09
2021-10-03 14:06:15,982 - INFO - joeynmt.training - EPOCH 52
2021-10-03 14:06:28,234 - INFO - joeynmt.training - Epoch  52: total training loss 1726.41
2021-10-03 14:06:28,235 - INFO - joeynmt.training - EPOCH 53
2021-10-03 14:06:40,467 - INFO - joeynmt.training - Epoch  53: total training loss 1660.01
2021-10-03 14:06:40,467 - INFO - joeynmt.training - EPOCH 54
2021-10-03 14:06:52,639 - INFO - joeynmt.training - Epoch  54: total training loss 1607.50
2021-10-03 14:06:52,639 - INFO - joeynmt.training - EPOCH 55
2021-10-03 14:07:04,906 - INFO - joeynmt.training - Epoch  55: total training loss 1557.19
2021-10-03 14:07:04,906 - INFO - joeynmt.training - EPOCH 56
2021-10-03 14:07:17,047 - INFO - joeynmt.training - Epoch  56: total training loss 1492.26
2021-10-03 14:07:17,047 - INFO - joeynmt.training - EPOCH 57
2021-10-03 14:07:29,311 - INFO - joeynmt.training - Epoch  57: total training loss 1438.68
2021-10-03 14:07:29,312 - INFO - joeynmt.training - EPOCH 58
2021-10-03 14:07:41,446 - INFO - joeynmt.training - Epoch  58: total training loss 1386.42
2021-10-03 14:07:41,447 - INFO - joeynmt.training - EPOCH 59
2021-10-03 14:07:53,712 - INFO - joeynmt.training - Epoch  59: total training loss 1331.04
2021-10-03 14:07:53,712 - INFO - joeynmt.training - EPOCH 60
2021-10-03 14:08:05,900 - INFO - joeynmt.training - Epoch  60: total training loss 1275.40
2021-10-03 14:08:05,900 - INFO - joeynmt.training - EPOCH 61
2021-10-03 14:08:18,050 - INFO - joeynmt.training - Epoch  61: total training loss 1243.08
2021-10-03 14:08:18,050 - INFO - joeynmt.training - EPOCH 62
2021-10-03 14:08:24,675 - INFO - joeynmt.training - Epoch  62, Step:     4000, Batch Loss:    20.195005, Tokens per Sec:     9070, Lr: 0.000300
2021-10-03 14:08:34,407 - WARNING - sacrebleu - That's 100 lines that end in a tokenized period ('.')
2021-10-03 14:08:34,408 - WARNING - sacrebleu - It looks like you forgot to detokenize your test data, which may hurt your score.
2021-10-03 14:08:34,408 - WARNING - sacrebleu - If you insist your data is detokenized, or don't care, you can suppress this message with the `force` parameter.
2021-10-03 14:08:34,415 - INFO - joeynmt.training - Example #0
2021-10-03 14:08:34,416 - INFO - joeynmt.training - 	Source:     ka
2021-10-03 14:08:34,416 - INFO - joeynmt.training - 	Reference:  en
2021-10-03 14:08:34,416 - INFO - joeynmt.training - 	Hypothesis: 
2021-10-03 14:08:34,416 - INFO - joeynmt.training - Example #1
2021-10-03 14:08:34,416 - INFO - joeynmt.training - 	Source:     "rodesac 11 tslis viyavi , me makhsovs sikharulis noTaze gaghvidzeba ert dilas ."
2021-10-03 14:08:34,416 - INFO - joeynmt.training - 	Reference:  "When I was 11 , I remember waking up one morning to the sound of joy in my house ."
2021-10-03 14:08:34,416 - INFO - joeynmt.training - 	Hypothesis: "When I was fined to me , I was a worth TED than the level of the morning ."
2021-10-03 14:08:34,416 - INFO - joeynmt.training - Example #2
2021-10-03 14:08:34,416 - INFO - joeynmt.training - 	Source:     mamachemi usmenda &quot; &quot; bibisis &quot; &quot; siakhleebs tavis paTara nacrisfer radioshi .
2021-10-03 14:08:34,416 - INFO - joeynmt.training - 	Reference:  "My father was listening to BBC News on his small , gray radio ."
2021-10-03 14:08:34,417 - INFO - joeynmt.training - 	Hypothesis: "I was a final man , and he sequence of a civan , with my head , with a little cheedier ."
2021-10-03 14:08:34,417 - INFO - joeynmt.training - Validation result (greedy) at epoch  62, step     4000: bleu:   7.88, loss: 91729.5859, ppl: 423.9293, duration: 9.7408s
2021-10-03 14:08:39,974 - INFO - joeynmt.training - Epoch  62: total training loss 1172.23
2021-10-03 14:08:39,974 - INFO - joeynmt.training - EPOCH 63
2021-10-03 14:08:52,170 - INFO - joeynmt.training - Epoch  63: total training loss 1050.76
2021-10-03 14:08:52,170 - INFO - joeynmt.training - EPOCH 64
2021-10-03 14:09:04,467 - INFO - joeynmt.training - Epoch  64: total training loss 1019.73
2021-10-03 14:09:04,467 - INFO - joeynmt.training - EPOCH 65
2021-10-03 14:09:16,601 - INFO - joeynmt.training - Epoch  65: total training loss 994.93
2021-10-03 14:09:16,601 - INFO - joeynmt.training - EPOCH 66
2021-10-03 14:09:28,772 - INFO - joeynmt.training - Epoch  66: total training loss 966.67
2021-10-03 14:09:28,773 - INFO - joeynmt.training - EPOCH 67
2021-10-03 14:09:40,982 - INFO - joeynmt.training - Epoch  67: total training loss 955.34
2021-10-03 14:09:40,982 - INFO - joeynmt.training - EPOCH 68
2021-10-03 14:09:53,291 - INFO - joeynmt.training - Epoch  68: total training loss 947.75
2021-10-03 14:09:53,291 - INFO - joeynmt.training - EPOCH 69
2021-10-03 14:10:05,561 - INFO - joeynmt.training - Epoch  69: total training loss 927.17
2021-10-03 14:10:05,562 - INFO - joeynmt.training - EPOCH 70
2021-10-03 14:10:17,841 - INFO - joeynmt.training - Epoch  70: total training loss 924.67
2021-10-03 14:10:17,841 - INFO - joeynmt.training - EPOCH 71
2021-10-03 14:10:30,035 - INFO - joeynmt.training - Epoch  71: total training loss 914.95
2021-10-03 14:10:30,036 - INFO - joeynmt.training - EPOCH 72
2021-10-03 14:10:42,248 - INFO - joeynmt.training - Epoch  72: total training loss 904.17
2021-10-03 14:10:42,249 - INFO - joeynmt.training - EPOCH 73
2021-10-03 14:10:54,602 - INFO - joeynmt.training - Epoch  73: total training loss 893.15
2021-10-03 14:10:54,603 - INFO - joeynmt.training - EPOCH 74
2021-10-03 14:11:06,753 - INFO - joeynmt.training - Epoch  74: total training loss 884.28
2021-10-03 14:11:06,754 - INFO - joeynmt.training - EPOCH 75
2021-10-03 14:11:18,911 - INFO - joeynmt.training - Epoch  75: total training loss 880.03
2021-10-03 14:11:18,912 - INFO - joeynmt.training - EPOCH 76
2021-10-03 14:11:31,183 - INFO - joeynmt.training - Epoch  76: total training loss 867.77
2021-10-03 14:11:31,184 - INFO - joeynmt.training - EPOCH 77
2021-10-03 14:11:42,568 - INFO - joeynmt.training - Epoch  77, Step:     5000, Batch Loss:    13.552251, Tokens per Sec:     9035, Lr: 0.000030
2021-10-03 14:11:52,205 - WARNING - sacrebleu - That's 100 lines that end in a tokenized period ('.')
2021-10-03 14:11:52,206 - WARNING - sacrebleu - It looks like you forgot to detokenize your test data, which may hurt your score.
2021-10-03 14:11:52,206 - WARNING - sacrebleu - If you insist your data is detokenized, or don't care, you can suppress this message with the `force` parameter.
2021-10-03 14:11:52,210 - INFO - joeynmt.training - Hooray! New best validation result [eval_metric]!
2021-10-03 14:11:53,747 - INFO - joeynmt.helpers - delete models/TRANS_ka_r/2000.ckpt
2021-10-03 14:11:53,848 - INFO - joeynmt.helpers - delete /home/lcur0008/joeynmt/models/TRANS_ka_r/2000.ckpt
2021-10-03 14:11:53,849 - WARNING - joeynmt.helpers - Wanted to delete old checkpoint /home/lcur0008/joeynmt/models/TRANS_ka_r/2000.ckpt but file does not exist. ([Errno 2] No such file or directory: '/home/lcur0008/joeynmt/models/TRANS_ka_r/2000.ckpt')
2021-10-03 14:11:53,851 - INFO - joeynmt.training - Example #0
2021-10-03 14:11:53,852 - INFO - joeynmt.training - 	Source:     ka
2021-10-03 14:11:53,852 - INFO - joeynmt.training - 	Reference:  en
2021-10-03 14:11:53,852 - INFO - joeynmt.training - 	Hypothesis: 
2021-10-03 14:11:53,852 - INFO - joeynmt.training - Example #1
2021-10-03 14:11:53,852 - INFO - joeynmt.training - 	Source:     "rodesac 11 tslis viyavi , me makhsovs sikharulis noTaze gaghvidzeba ert dilas ."
2021-10-03 14:11:53,852 - INFO - joeynmt.training - 	Reference:  "When I was 11 , I remember waking up one morning to the sound of joy in my house ."
2021-10-03 14:11:53,852 - INFO - joeynmt.training - 	Hypothesis: "When I was fined to me , I was a third of the time of the 1,000 ft ."
2021-10-03 14:11:53,852 - INFO - joeynmt.training - Example #2
2021-10-03 14:11:53,852 - INFO - joeynmt.training - 	Source:     mamachemi usmenda &quot; &quot; bibisis &quot; &quot; siakhleebs tavis paTara nacrisfer radioshi .
2021-10-03 14:11:53,853 - INFO - joeynmt.training - 	Reference:  "My father was listening to BBC News on his small , gray radio ."
2021-10-03 14:11:53,853 - INFO - joeynmt.training - 	Hypothesis: "My father and a final Shancience , &quot; becoming the hancial story ."
2021-10-03 14:11:53,853 - INFO - joeynmt.training - Validation result (greedy) at epoch  77, step     5000: bleu:   8.39, loss: 93384.3359, ppl: 472.8119, duration: 11.2848s
2021-10-03 14:11:54,714 - INFO - joeynmt.training - Epoch  77: total training loss 862.77
2021-10-03 14:11:54,714 - INFO - joeynmt.training - EPOCH 78
2021-10-03 14:12:06,959 - INFO - joeynmt.training - Epoch  78: total training loss 852.24
2021-10-03 14:12:06,960 - INFO - joeynmt.training - EPOCH 79
2021-10-03 14:12:19,190 - INFO - joeynmt.training - Epoch  79: total training loss 850.34
2021-10-03 14:12:19,191 - INFO - joeynmt.training - EPOCH 80
2021-10-03 14:12:31,257 - INFO - joeynmt.training - Epoch  80: total training loss 835.02
2021-10-03 14:12:31,258 - INFO - joeynmt.training - EPOCH 81
2021-10-03 14:12:43,416 - INFO - joeynmt.training - Epoch  81: total training loss 832.75
2021-10-03 14:12:43,416 - INFO - joeynmt.training - EPOCH 82
2021-10-03 14:12:55,617 - INFO - joeynmt.training - Epoch  82: total training loss 824.21
2021-10-03 14:12:55,617 - INFO - joeynmt.training - EPOCH 83
2021-10-03 14:13:07,839 - INFO - joeynmt.training - Epoch  83: total training loss 818.97
2021-10-03 14:13:07,840 - INFO - joeynmt.training - EPOCH 84
2021-10-03 14:13:20,059 - INFO - joeynmt.training - Epoch  84: total training loss 813.89
2021-10-03 14:13:20,060 - INFO - joeynmt.training - EPOCH 85
2021-10-03 14:13:32,144 - INFO - joeynmt.training - Epoch  85: total training loss 806.62
2021-10-03 14:13:32,144 - INFO - joeynmt.training - EPOCH 86
2021-10-03 14:13:44,253 - INFO - joeynmt.training - Epoch  86: total training loss 799.75
2021-10-03 14:13:44,254 - INFO - joeynmt.training - EPOCH 87
2021-10-03 14:13:56,349 - INFO - joeynmt.training - Epoch  87: total training loss 801.97
2021-10-03 14:13:56,350 - INFO - joeynmt.training - EPOCH 88
2021-10-03 14:14:08,593 - INFO - joeynmt.training - Epoch  88: total training loss 794.17
2021-10-03 14:14:08,594 - INFO - joeynmt.training - EPOCH 89
2021-10-03 14:14:20,842 - INFO - joeynmt.training - Epoch  89: total training loss 783.26
2021-10-03 14:14:20,843 - INFO - joeynmt.training - EPOCH 90
2021-10-03 14:14:33,064 - INFO - joeynmt.training - Epoch  90: total training loss 783.35
2021-10-03 14:14:33,064 - INFO - joeynmt.training - EPOCH 91
2021-10-03 14:14:45,204 - INFO - joeynmt.training - Epoch  91: total training loss 771.67
2021-10-03 14:14:45,205 - INFO - joeynmt.training - EPOCH 92
2021-10-03 14:14:57,279 - INFO - joeynmt.training - Epoch  92: total training loss 764.28
2021-10-03 14:14:57,280 - INFO - joeynmt.training - EPOCH 93
2021-10-03 14:15:01,010 - INFO - joeynmt.training - Epoch  93, Step:     6000, Batch Loss:    11.161542, Tokens per Sec:     9181, Lr: 0.000030
2021-10-03 14:15:09,908 - WARNING - sacrebleu - That's 100 lines that end in a tokenized period ('.')
2021-10-03 14:15:09,908 - WARNING - sacrebleu - It looks like you forgot to detokenize your test data, which may hurt your score.
2021-10-03 14:15:09,908 - WARNING - sacrebleu - If you insist your data is detokenized, or don't care, you can suppress this message with the `force` parameter.
2021-10-03 14:15:09,915 - INFO - joeynmt.training - Example #0
2021-10-03 14:15:09,915 - INFO - joeynmt.training - 	Source:     ka
2021-10-03 14:15:09,915 - INFO - joeynmt.training - 	Reference:  en
2021-10-03 14:15:09,915 - INFO - joeynmt.training - 	Hypothesis: en
2021-10-03 14:15:09,915 - INFO - joeynmt.training - Example #1
2021-10-03 14:15:09,916 - INFO - joeynmt.training - 	Source:     "rodesac 11 tslis viyavi , me makhsovs sikharulis noTaze gaghvidzeba ert dilas ."
2021-10-03 14:15:09,916 - INFO - joeynmt.training - 	Reference:  "When I was 11 , I remember waking up one morning to the sound of joy in my house ."
2021-10-03 14:15:09,916 - INFO - joeynmt.training - 	Hypothesis: "When I was fined to me , I was a third of the time of eventy-up ."
2021-10-03 14:15:09,916 - INFO - joeynmt.training - Example #2
2021-10-03 14:15:09,916 - INFO - joeynmt.training - 	Source:     mamachemi usmenda &quot; &quot; bibisis &quot; &quot; siakhleebs tavis paTara nacrisfer radioshi .
2021-10-03 14:15:09,916 - INFO - joeynmt.training - 	Reference:  "My father was listening to BBC News on his small , gray radio ."
2021-10-03 14:15:09,916 - INFO - joeynmt.training - 	Hypothesis: "My father and a final Shman , &quot; becomes the sell of my head , with a little cheedier ."
2021-10-03 14:15:09,916 - INFO - joeynmt.training - Validation result (greedy) at epoch  93, step     6000: bleu:   8.08, loss: 95529.2422, ppl: 544.6559, duration: 8.9054s
2021-10-03 14:15:18,354 - INFO - joeynmt.training - Epoch  93: total training loss 758.94
2021-10-03 14:15:18,355 - INFO - joeynmt.training - EPOCH 94
2021-10-03 14:15:30,545 - INFO - joeynmt.training - Epoch  94: total training loss 755.77
2021-10-03 14:15:30,545 - INFO - joeynmt.training - EPOCH 95
2021-10-03 14:15:42,615 - INFO - joeynmt.training - Epoch  95: total training loss 753.92
2021-10-03 14:15:42,616 - INFO - joeynmt.training - EPOCH 96
2021-10-03 14:15:54,766 - INFO - joeynmt.training - Epoch  96: total training loss 749.02
2021-10-03 14:15:54,766 - INFO - joeynmt.training - EPOCH 97
2021-10-03 14:16:07,150 - INFO - joeynmt.training - Epoch  97: total training loss 744.11
2021-10-03 14:16:07,151 - INFO - joeynmt.training - EPOCH 98
2021-10-03 14:16:19,532 - INFO - joeynmt.training - Epoch  98: total training loss 737.58
2021-10-03 14:16:19,533 - INFO - joeynmt.training - EPOCH 99
2021-10-03 14:16:31,667 - INFO - joeynmt.training - Epoch  99: total training loss 728.21
2021-10-03 14:16:31,668 - INFO - joeynmt.training - EPOCH 100
2021-10-03 14:16:43,810 - INFO - joeynmt.training - Epoch 100: total training loss 726.67
2021-10-03 14:16:43,810 - INFO - joeynmt.training - Training ended after 100 epochs.
2021-10-03 14:16:43,811 - INFO - joeynmt.training - Best validation result (greedy) at step     5000:   8.39 eval_metric.
2021-10-03 14:16:43,840 - INFO - joeynmt.prediction - Process device: cuda, n_gpu: 1, batch_size per device: 80
2021-10-03 14:16:43,840 - INFO - joeynmt.prediction - Loading model from models/TRANS_ka_r/5000.ckpt
2021-10-03 14:16:44,299 - INFO - joeynmt.model - Building an encoder-decoder model...
2021-10-03 14:16:45,105 - INFO - joeynmt.model - Enc-dec model built.
2021-10-03 14:16:45,282 - INFO - joeynmt.prediction - Decoding on dev set (../2DL4NLP/all_data/ka_r.en_s/val.bpe.en_s)...
2021-10-03 14:17:04,452 - WARNING - sacrebleu - That's 100 lines that end in a tokenized period ('.')
2021-10-03 14:17:04,453 - WARNING - sacrebleu - It looks like you forgot to detokenize your test data, which may hurt your score.
2021-10-03 14:17:04,453 - WARNING - sacrebleu - If you insist your data is detokenized, or don't care, you can suppress this message with the `force` parameter.
2021-10-03 14:17:04,456 - INFO - joeynmt.prediction -  dev bleu[13a]:   8.33 [Beam search decoding with beam size = 5 and alpha = 1.0]
2021-10-03 14:17:04,459 - INFO - joeynmt.prediction - Translations saved to: models/TRANS_ka_r/00005000.hyps.dev
2021-10-03 14:17:04,459 - INFO - joeynmt.prediction - Decoding on test set (../2DL4NLP/all_data/ka_r.en_s/test.bpe.en_s)...
2021-10-03 14:17:29,602 - WARNING - sacrebleu - That's 100 lines that end in a tokenized period ('.')
2021-10-03 14:17:29,602 - WARNING - sacrebleu - It looks like you forgot to detokenize your test data, which may hurt your score.
2021-10-03 14:17:29,602 - WARNING - sacrebleu - If you insist your data is detokenized, or don't care, you can suppress this message with the `force` parameter.
2021-10-03 14:17:29,606 - INFO - joeynmt.prediction - test bleu[13a]:   8.72 [Beam search decoding with beam size = 5 and alpha = 1.0]
2021-10-03 14:17:29,609 - INFO - joeynmt.prediction - Translations saved to: models/TRANS_ka_r/00005000.hyps.test
